<?xml version="1.0" encoding="UTF-8"?>
<coverage generated="1687469531650" clover="3.2.0">
  <project timestamp="1687469531650" name="All files">
    <metrics statements="23" coveredstatements="23" conditionals="14" coveredconditionals="14" methods="6" coveredmethods="6" elements="43" coveredelements="43" complexity="0" loc="23" ncloc="23" packages="1" files="2" classes="2"/>
    <file name="bank_statement.js" path="/Users/chayadasansiriwong/Desktop/csanann/Projects/bank_tech_test/src/bank_statement.js">
      <metrics statements="9" coveredstatements="9" conditionals="4" coveredconditionals="4" methods="2" coveredmethods="2"/>
      <line num="3" count="2" type="stmt"/>
      <line num="7" count="2" type="stmt"/>
      <line num="11" count="2" type="stmt"/>
      <line num="13" count="2" type="stmt"/>
      <line num="15" count="6" type="cond" truecount="2" falsecount="0"/>
      <line num="16" count="6" type="cond" truecount="2" falsecount="0"/>
      <line num="17" count="6" type="stmt"/>
      <line num="18" count="6" type="stmt"/>
      <line num="23" count="2" type="stmt"/>
    </file>
    <file name="bank_transaction.js" path="/Users/chayadasansiriwong/Desktop/csanann/Projects/bank_tech_test/src/bank_transaction.js">
      <metrics statements="14" coveredstatements="14" conditionals="10" coveredconditionals="10" methods="4" coveredmethods="4"/>
      <line num="8" count="12" type="stmt"/>
      <line num="9" count="12" type="stmt"/>
      <line num="13" count="11" type="cond" truecount="4" falsecount="0"/>
      <line num="14" count="3" type="stmt"/>
      <line num="16" count="8" type="stmt"/>
      <line num="17" count="8" type="stmt"/>
      <line num="21" count="8" type="cond" truecount="4" falsecount="0"/>
      <line num="22" count="3" type="stmt"/>
      <line num="24" count="5" type="cond" truecount="2" falsecount="0"/>
      <line num="25" count="1" type="stmt"/>
      <line num="28" count="4" type="stmt"/>
      <line num="29" count="4" type="stmt"/>
      <line num="33" count="8" type="stmt"/>
      <line num="47" count="3" type="stmt"/>
    </file>
  </project>
</coverage>
