{"/Users/chayadasansiriwong/Desktop/csanann/Projects/bank_tech_test/src/bank_statement.js": {"path":"/Users/chayadasansiriwong/Desktop/csanann/Projects/bank_tech_test/src/bank_statement.js","statementMap":{"0":{"start":{"line":3,"column":24},"end":{"line":3,"column":53}},"1":{"start":{"line":7,"column":8},"end":{"line":7,"column":41}},"2":{"start":{"line":11,"column":8},"end":{"line":11,"column":64}},"3":{"start":{"line":13,"column":8},"end":{"line":19,"column":9}},"4":{"start":{"line":15,"column":25},"end":{"line":15,"column":91}},"5":{"start":{"line":16,"column":24},"end":{"line":16,"column":88}},"6":{"start":{"line":17,"column":23},"end":{"line":17,"column":67}},"7":{"start":{"line":18,"column":12},"end":{"line":18,"column":103}},"8":{"start":{"line":23,"column":0},"end":{"line":23,"column":31}}},"fnMap":{"0":{"name":"(anonymous_0)","decl":{"start":{"line":6,"column":4},"end":{"line":6,"column":5}},"loc":{"start":{"line":6,"column":30},"end":{"line":8,"column":5}},"line":6},"1":{"name":"(anonymous_1)","decl":{"start":{"line":10,"column":4},"end":{"line":10,"column":5}},"loc":{"start":{"line":10,"column":21},"end":{"line":20,"column":5}},"line":10}},"branchMap":{"0":{"loc":{"start":{"line":15,"column":25},"end":{"line":15,"column":91}},"type":"cond-expr","locations":[{"start":{"line":15,"column":57},"end":{"line":15,"column":86}},{"start":{"line":15,"column":89},"end":{"line":15,"column":91}}],"line":15},"1":{"loc":{"start":{"line":16,"column":24},"end":{"line":16,"column":88}},"type":"cond-expr","locations":[{"start":{"line":16,"column":54},"end":{"line":16,"column":83}},{"start":{"line":16,"column":86},"end":{"line":16,"column":88}}],"line":16}},"s":{"0":2,"1":2,"2":2,"3":2,"4":6,"5":6,"6":6,"7":6,"8":2},"f":{"0":2,"1":2},"b":{"0":[4,2],"1":[2,4]},"_coverageSchema":"1a1c01bbd47fc00a2c39e90264f33305004495a9","hash":"8e2de2a4de7fd32e60f81419af63478ec3dac92b"}
,"/Users/chayadasansiriwong/Desktop/csanann/Projects/bank_tech_test/src/bank_transaction.js": {"path":"/Users/chayadasansiriwong/Desktop/csanann/Projects/bank_tech_test/src/bank_transaction.js","statementMap":{"0":{"start":{"line":8,"column":8},"end":{"line":8,"column":25}},"1":{"start":{"line":9,"column":8},"end":{"line":9,"column":31}},"2":{"start":{"line":13,"column":8},"end":{"line":15,"column":9}},"3":{"start":{"line":14,"column":12},"end":{"line":14,"column":70}},"4":{"start":{"line":16,"column":8},"end":{"line":16,"column":31}},"5":{"start":{"line":17,"column":8},"end":{"line":17,"column":100}},"6":{"start":{"line":21,"column":8},"end":{"line":23,"column":9}},"7":{"start":{"line":22,"column":12},"end":{"line":22,"column":71}},"8":{"start":{"line":24,"column":8},"end":{"line":26,"column":9}},"9":{"start":{"line":25,"column":12},"end":{"line":25,"column":52}},"10":{"start":{"line":28,"column":8},"end":{"line":28,"column":31}},"11":{"start":{"line":29,"column":8},"end":{"line":29,"column":99}},"12":{"start":{"line":33,"column":8},"end":{"line":33,"column":28}},"13":{"start":{"line":47,"column":0},"end":{"line":47,"column":33}}},"fnMap":{"0":{"name":"(anonymous_0)","decl":{"start":{"line":7,"column":4},"end":{"line":7,"column":5}},"loc":{"start":{"line":7,"column":18},"end":{"line":10,"column":5}},"line":7},"1":{"name":"(anonymous_1)","decl":{"start":{"line":12,"column":4},"end":{"line":12,"column":5}},"loc":{"start":{"line":12,"column":20},"end":{"line":18,"column":5}},"line":12},"2":{"name":"(anonymous_2)","decl":{"start":{"line":20,"column":4},"end":{"line":20,"column":5}},"loc":{"start":{"line":20,"column":21},"end":{"line":30,"column":5}},"line":20},"3":{"name":"(anonymous_3)","decl":{"start":{"line":32,"column":4},"end":{"line":32,"column":5}},"loc":{"start":{"line":32,"column":17},"end":{"line":34,"column":5}},"line":32}},"branchMap":{"0":{"loc":{"start":{"line":13,"column":8},"end":{"line":15,"column":9}},"type":"if","locations":[{"start":{"line":13,"column":8},"end":{"line":15,"column":9}},{"start":{},"end":{}}],"line":13},"1":{"loc":{"start":{"line":13,"column":12},"end":{"line":13,"column":52}},"type":"binary-expr","locations":[{"start":{"line":13,"column":12},"end":{"line":13,"column":37}},{"start":{"line":13,"column":41},"end":{"line":13,"column":52}}],"line":13},"2":{"loc":{"start":{"line":21,"column":8},"end":{"line":23,"column":9}},"type":"if","locations":[{"start":{"line":21,"column":8},"end":{"line":23,"column":9}},{"start":{},"end":{}}],"line":21},"3":{"loc":{"start":{"line":21,"column":12},"end":{"line":21,"column":52}},"type":"binary-expr","locations":[{"start":{"line":21,"column":12},"end":{"line":21,"column":37}},{"start":{"line":21,"column":41},"end":{"line":21,"column":52}}],"line":21},"4":{"loc":{"start":{"line":24,"column":8},"end":{"line":26,"column":9}},"type":"if","locations":[{"start":{"line":24,"column":8},"end":{"line":26,"column":9}},{"start":{},"end":{}}],"line":24}},"s":{"0":12,"1":12,"2":11,"3":3,"4":8,"5":8,"6":8,"7":3,"8":5,"9":1,"10":4,"11":4,"12":8,"13":3},"f":{"0":12,"1":11,"2":8,"3":8},"b":{"0":[3,8],"1":[11,10],"2":[3,5],"3":[8,7],"4":[1,4]},"_coverageSchema":"1a1c01bbd47fc00a2c39e90264f33305004495a9","hash":"044fca794c8182ce23b22e04c16988c813827207"}
}
