{"/Users/chayadasansiriwong/Desktop/csanann/Projects/bank_tech_test/src/bank_account.js": {"path":"/Users/chayadasansiriwong/Desktop/csanann/Projects/bank_tech_test/src/bank_account.js","statementMap":{"0":{"start":{"line":5,"column":8},"end":{"line":5,"column":25}},"1":{"start":{"line":6,"column":8},"end":{"line":6,"column":31}},"2":{"start":{"line":10,"column":8},"end":{"line":12,"column":9}},"3":{"start":{"line":11,"column":12},"end":{"line":11,"column":70}},"4":{"start":{"line":13,"column":8},"end":{"line":13,"column":31}},"5":{"start":{"line":14,"column":8},"end":{"line":14,"column":100}},"6":{"start":{"line":18,"column":8},"end":{"line":20,"column":9}},"7":{"start":{"line":19,"column":12},"end":{"line":19,"column":71}},"8":{"start":{"line":21,"column":8},"end":{"line":23,"column":9}},"9":{"start":{"line":22,"column":12},"end":{"line":22,"column":52}},"10":{"start":{"line":24,"column":8},"end":{"line":24,"column":31}},"11":{"start":{"line":25,"column":8},"end":{"line":25,"column":99}},"12":{"start":{"line":29,"column":8},"end":{"line":29,"column":28}},"13":{"start":{"line":34,"column":8},"end":{"line":34,"column":64}},"14":{"start":{"line":37,"column":8},"end":{"line":46,"column":9}},"15":{"start":{"line":41,"column":25},"end":{"line":41,"column":91}},"16":{"start":{"line":42,"column":24},"end":{"line":42,"column":88}},"17":{"start":{"line":44,"column":23},"end":{"line":44,"column":67}},"18":{"start":{"line":45,"column":12},"end":{"line":45,"column":103}},"19":{"start":{"line":50,"column":0},"end":{"line":50,"column":29}}},"fnMap":{"0":{"name":"(anonymous_0)","decl":{"start":{"line":4,"column":4},"end":{"line":4,"column":5}},"loc":{"start":{"line":4,"column":18},"end":{"line":7,"column":5}},"line":4},"1":{"name":"(anonymous_1)","decl":{"start":{"line":9,"column":4},"end":{"line":9,"column":5}},"loc":{"start":{"line":9,"column":20},"end":{"line":15,"column":5}},"line":9},"2":{"name":"(anonymous_2)","decl":{"start":{"line":17,"column":4},"end":{"line":17,"column":5}},"loc":{"start":{"line":17,"column":21},"end":{"line":26,"column":5}},"line":17},"3":{"name":"(anonymous_3)","decl":{"start":{"line":28,"column":4},"end":{"line":28,"column":5}},"loc":{"start":{"line":28,"column":17},"end":{"line":30,"column":5}},"line":28},"4":{"name":"(anonymous_4)","decl":{"start":{"line":32,"column":4},"end":{"line":32,"column":5}},"loc":{"start":{"line":32,"column":21},"end":{"line":47,"column":5}},"line":32}},"branchMap":{"0":{"loc":{"start":{"line":10,"column":8},"end":{"line":12,"column":9}},"type":"if","locations":[{"start":{"line":10,"column":8},"end":{"line":12,"column":9}},{"start":{},"end":{}}],"line":10},"1":{"loc":{"start":{"line":10,"column":11},"end":{"line":10,"column":52}},"type":"binary-expr","locations":[{"start":{"line":10,"column":11},"end":{"line":10,"column":37}},{"start":{"line":10,"column":41},"end":{"line":10,"column":52}}],"line":10},"2":{"loc":{"start":{"line":18,"column":8},"end":{"line":20,"column":9}},"type":"if","locations":[{"start":{"line":18,"column":8},"end":{"line":20,"column":9}},{"start":{},"end":{}}],"line":18},"3":{"loc":{"start":{"line":18,"column":11},"end":{"line":18,"column":52}},"type":"binary-expr","locations":[{"start":{"line":18,"column":11},"end":{"line":18,"column":37}},{"start":{"line":18,"column":41},"end":{"line":18,"column":52}}],"line":18},"4":{"loc":{"start":{"line":21,"column":8},"end":{"line":23,"column":9}},"type":"if","locations":[{"start":{"line":21,"column":8},"end":{"line":23,"column":9}},{"start":{},"end":{}}],"line":21},"5":{"loc":{"start":{"line":41,"column":25},"end":{"line":41,"column":91}},"type":"cond-expr","locations":[{"start":{"line":41,"column":57},"end":{"line":41,"column":86}},{"start":{"line":41,"column":89},"end":{"line":41,"column":91}}],"line":41},"6":{"loc":{"start":{"line":42,"column":24},"end":{"line":42,"column":88}},"type":"cond-expr","locations":[{"start":{"line":42,"column":54},"end":{"line":42,"column":83}},{"start":{"line":42,"column":86},"end":{"line":42,"column":88}}],"line":42}},"s":{"0":12,"1":12,"2":11,"3":3,"4":8,"5":8,"6":8,"7":3,"8":5,"9":1,"10":4,"11":4,"12":8,"13":2,"14":2,"15":6,"16":6,"17":6,"18":6,"19":2},"f":{"0":12,"1":11,"2":8,"3":8,"4":2},"b":{"0":[3,8],"1":[11,10],"2":[3,5],"3":[8,7],"4":[1,4],"5":[4,2],"6":[2,4]},"_coverageSchema":"1a1c01bbd47fc00a2c39e90264f33305004495a9","hash":"4742980bfebcf819b3bb2d1d12fff507fa305cd2"}
}
