TN:
SF:src/bank_statement.js
FN:6,(anonymous_0)
FN:10,(anonymous_1)
FNF:2
FNH:2
FNDA:2,(anonymous_0)
FNDA:2,(anonymous_1)
DA:3,2
DA:7,2
DA:11,2
DA:13,2
DA:15,6
DA:16,6
DA:17,6
DA:18,6
DA:23,2
LF:9
LH:9
BRDA:15,0,0,4
BRDA:15,0,1,2
BRDA:16,1,0,2
BRDA:16,1,1,4
BRF:4
BRH:4
end_of_record
TN:
SF:src/bank_transaction.js
FN:7,(anonymous_0)
FN:12,(anonymous_1)
FN:20,(anonymous_2)
FN:32,(anonymous_3)
FNF:4
FNH:4
FNDA:12,(anonymous_0)
FNDA:11,(anonymous_1)
FNDA:8,(anonymous_2)
FNDA:8,(anonymous_3)
DA:8,12
DA:9,12
DA:13,11
DA:14,3
DA:16,8
DA:17,8
DA:21,8
DA:22,3
DA:24,5
DA:25,1
DA:28,4
DA:29,4
DA:33,8
DA:47,3
LF:14
LH:14
BRDA:13,0,0,3
BRDA:13,0,1,8
BRDA:13,1,0,11
BRDA:13,1,1,10
BRDA:21,2,0,3
BRDA:21,2,1,5
BRDA:21,3,0,8
BRDA:21,3,1,7
BRDA:24,4,0,1
BRDA:24,4,1,4
BRF:10
BRH:10
end_of_record
