TN:
SF:src/bank_account.js
FN:4,(anonymous_0)
FN:9,(anonymous_1)
FN:17,(anonymous_2)
FN:28,(anonymous_3)
FN:32,(anonymous_4)
FNF:5
FNH:5
FNDA:12,(anonymous_0)
FNDA:11,(anonymous_1)
FNDA:8,(anonymous_2)
FNDA:8,(anonymous_3)
FNDA:2,(anonymous_4)
DA:5,12
DA:6,12
DA:10,11
DA:11,3
DA:13,8
DA:14,8
DA:18,8
DA:19,3
DA:21,5
DA:22,1
DA:24,4
DA:25,4
DA:29,8
DA:34,2
DA:37,2
DA:41,6
DA:42,6
DA:44,6
DA:45,6
DA:50,2
LF:20
LH:20
BRDA:10,0,0,3
BRDA:10,0,1,8
BRDA:10,1,0,11
BRDA:10,1,1,10
BRDA:18,2,0,3
BRDA:18,2,1,5
BRDA:18,3,0,8
BRDA:18,3,1,7
BRDA:21,4,0,1
BRDA:21,4,1,4
BRDA:41,5,0,4
BRDA:41,5,1,2
BRDA:42,6,0,2
BRDA:42,6,1,4
BRF:14
BRH:14
end_of_record
